<?xml version="1.0" encoding="UTF-8"?>
<testng-results ignored="0" total="1" passed="1" failed="0" skipped="0">
  <reporter-output>
  </reporter-output>
  <suite started-at="2021-05-18T21:28:18 PET" name="Default suite" finished-at="2021-05-18T21:28:33 PET" duration-ms="14554">
    <groups>
    </groups>
    <test started-at="2021-05-18T21:28:18 PET" name="Default test" finished-at="2021-05-18T21:28:33 PET" duration-ms="14554">
      <class name="com.brein.testng.LoginTest">
        <test-method is-config="true" signature="beforeSuite()[pri:0, instance:com.brein.testng.LoginTest@71a8adcf]" started-at="2021-05-18T21:28:18 PET" name="beforeSuite" finished-at="2021-05-18T21:28:18 PET" duration-ms="9" status="PASS">
          <reporter-output>
          </reporter-output>
        </test-method> <!-- beforeSuite -->
        <test-method is-config="true" signature="beforeTest()[pri:0, instance:com.brein.testng.LoginTest@71a8adcf]" started-at="2021-05-18T21:28:18 PET" name="beforeTest" finished-at="2021-05-18T21:28:18 PET" duration-ms="308" status="PASS">
          <reporter-output>
          </reporter-output>
        </test-method> <!-- beforeTest -->
        <test-method is-config="true" signature="beforeClass()[pri:0, instance:com.brein.testng.LoginTest@71a8adcf]" started-at="2021-05-18T21:28:18 PET" name="beforeClass" finished-at="2021-05-18T21:28:23 PET" duration-ms="4387" status="PASS">
          <reporter-output>
          </reporter-output>
        </test-method> <!-- beforeClass -->
        <test-method signature="test()[pri:0, instance:com.brein.testng.LoginTest@71a8adcf]" started-at="2021-05-18T21:28:23 PET" name="test" finished-at="2021-05-18T21:28:30 PET" duration-ms="7501" status="PASS">
          <reporter-output>
          </reporter-output>
        </test-method> <!-- test -->
        <test-method is-config="true" signature="afterClass()[pri:0, instance:com.brein.testng.LoginTest@71a8adcf]" started-at="2021-05-18T21:28:30 PET" name="afterClass" finished-at="2021-05-18T21:28:31 PET" duration-ms="292" status="PASS">
          <reporter-output>
          </reporter-output>
        </test-method> <!-- afterClass -->
        <test-method is-config="true" signature="afterTest()[pri:0, instance:com.brein.testng.LoginTest@71a8adcf]" started-at="2021-05-18T21:28:31 PET" name="afterTest" finished-at="2021-05-18T21:28:33 PET" duration-ms="2027" status="PASS">
          <reporter-output>
          </reporter-output>
        </test-method> <!-- afterTest -->
      </class> <!-- com.brein.testng.LoginTest -->
    </test> <!-- Default test -->
  </suite> <!-- Default suite -->
</testng-results>
