<?xml version="1.0" encoding="UTF-8"?>
<!-- Generated by org.testng.reporters.JUnitXMLReporter -->
<testsuite ignored="0" hostname="george-Satellite-S55-B" failures="0" tests="1" name="Login" time="0.057" errors="0" timestamp="2021-05-17T16:32:05 PET">
  <testcase classname="com.brein.testng.LoginTest" name="@BeforeSuite beforeSuite" time="0.008">
    <failure type="java.lang.NullPointerException">
      <![CDATA[java.lang.NullPointerException
at com.brein.testng.LoginTest.deletevideos(LoginTest.java:60)
at com.brein.testng.LoginTest.beforeSuite(LoginTest.java:55)
... Removed 19 stack frames]]>
    </failure>
  </testcase> <!-- @BeforeSuite beforeSuite -->
  <testcase classname="com.brein.testng.LoginTest" name="@BeforeTest beforeTest" time="-1.621287125323E9">
    <skipped/>
  </testcase> <!-- @BeforeTest beforeTest -->
  <testcase classname="com.brein.testng.LoginTest" name="@BeforeClass beforeClass" time="-1.621287125343E9">
    <skipped/>
  </testcase> <!-- @BeforeClass beforeClass -->
  <testcase classname="com.brein.testng.LoginTest" name="@AfterClass afterClass" time="-1.62128712537E9">
    <skipped/>
  </testcase> <!-- @AfterClass afterClass -->
  <testcase classname="com.brein.testng.LoginTest" name="@AfterTest afterTest" time="-1.621287125376E9">
    <skipped/>
  </testcase> <!-- @AfterTest afterTest -->
  <testcase classname="com.brein.testng.LoginTest" name="test" time="0.0">
    <skipped/>
  </testcase> <!-- test -->
</testsuite> <!-- Login -->
